Removed Pin From Net: NetName=GND Pin=C17-1
Removed Pin From Net: NetName=PB8 Pin=C17-2
Removed Pin From Net: NetName=GND Pin=C18-1
Removed Pin From Net: NetName=BAT_5(2) Pin=C18-2
Removed Pin From Net: NetName=GND Pin=C19-1
Removed Pin From Net: NetName=PB9 Pin=C19-2
Removed Pin From Net: NetName=GND Pin=C20-1
Removed Pin From Net: NetName=GND Pin=C22-1
Removed Pin From Net: NetName=PB8 Pin=D5-2
Removed Pin From Net: NetName=PB9 Pin=D6-2
Removed Pin From Net: NetName=GND Pin=EMS0&1-2
Removed Pin From Net: NetName=GND Pin=EMS0&1-4
Removed Pin From Net: NetName=GND Pin=R7-1
Removed Pin From Net: NetName=GND Pin=R18-2
Removed Pin From Net: NetName=GND Pin=R19-1
Removed Pin From Net: NetName=PB9 Pin=R19-2
Removed Pin From Net: NetName=GND Pin=R21-1
Removed Pin From Net: NetName=PB8 Pin=R21-2
Removed Pin From Net: NetName=GND Pin=U4-3
Removed Pin From Net: NetName=GND Pin=U4-6
Removed Pin From Net: NetName=BAT_5(1) Pin=U4-8
Removed Pin From Net: NetName=BAT_5(2) Pin=U5-8
Removed Member From Class: ClassName=Total Member=C17
Removed Member From Class: ClassName=Total Member=C18
Removed Member From Class: ClassName=Total Member=C19
Removed Member From Class: ClassName=Total Member=C20
Removed Member From Class: ClassName=Total Member=C21
Removed Member From Class: ClassName=Total Member=C22
Removed Member From Class: ClassName=Total Member=D5
Removed Member From Class: ClassName=Total Member=D6
Removed Member From Class: ClassName=Total Member=EMS0&1
Removed Member From Class: ClassName=Total Member=R7
Removed Member From Class: ClassName=Total Member=R8
Removed Member From Class: ClassName=Total Member=R11
Removed Member From Class: ClassName=Total Member=R12
Removed Member From Class: ClassName=Total Member=R18
Removed Member From Class: ClassName=Total Member=R19
Removed Member From Class: ClassName=Total Member=R20
Removed Member From Class: ClassName=Total Member=R21
Removed Member From Class: ClassName=Total Member=U4
Removed Member From Class: ClassName=Total Member=U5
Added Room: Name=Total
Added Room: Name=WiFi
