Removed Pin From Net: NetName=BAT_5(1) Pin=BT-2
Removed Pin From Net: NetName=GND Pin=BT-3
Removed Pin From Net: NetName=BAT_3.3(1) Pin=C5-1
Removed Pin From Net: NetName=GND Pin=C5-2
Removed Pin From Net: NetName=GND Pin=C6-1
Removed Pin From Net: NetName=BAT_3.3(1) Pin=C6-2
Removed Pin From Net: NetName=PE3 Pin=R6-1
Removed Pin From Net: NetName=BAT_3.3(1) Pin=R6-2
Removed Pin From Net: NetName=PC2 Pin=R6-3
Removed Pin From Net: NetName=BAT_3.3(1) Pin=R6-4
Removed Pin From Net: NetName=PC4 Pin=R6-5
Removed Pin From Net: NetName=BAT_3.3(1) Pin=R6-6
Removed Pin From Net: NetName=BAT_3.3(1) Pin=R6-8
Removed Pin From Net: NetName=BAT_5(1) Pin=R23-2
Removed Pin From Net: NetName=BAT_5(1) Pin=R24-2
Removed Pin From Net: NetName=PE3 Pin=TF1-3
Removed Pin From Net: NetName=BAT_3.3(1) Pin=TF1-4
Removed Pin From Net: NetName=PC2 Pin=TF1-5
Removed Pin From Net: NetName=GND Pin=TF1-6
Removed Pin From Net: NetName=PC4 Pin=TF1-7
Added Room: Name=Total
Added Room: Name=WiFi
