Added Component: Designator=6500(HDR1X10)
Added Component: Designator=BT_RX(0805 2)
Added Component: Designator=BT_TX(0805 2)
Added Component: Designator=BT(BlueTooth)
Added Component: Designator=C4(8P4R-0603)
Added Component: Designator=C5(1206 Pol)
Added Component: Designator=C6(0805 2)
Added Component: Designator=C7(0805 2)
Added Component: Designator=C8(0805 2)
Added Component: Designator=C9(0805 2)
Added Component: Designator=C10(0805 2)
Added Component: Designator=C11(0805 2)
Added Component: Designator=C12(0805 2)
Added Component: Designator=C13(0805 2)
Added Component: Designator=C14(0805 2)
Added Component: Designator=C15(0805 2)
Added Component: Designator=C16(0805 2)
Added Component: Designator=C17(0805 2)
Added Component: Designator=C18(0805 2)
Added Component: Designator=C19(0805 2)
Added Component: Designator=C20(0805 2)
Added Component: Designator=C21(1206 Pol 3)
Added Component: Designator=C22(1206 Pol 3)
Added Component: Designator=C23(0805 2)
Added Component: Designator=D1(0805 Pol)
Added Component: Designator=D2(0805 Pol)
Added Component: Designator=D3(0805 Pol)
Added Component: Designator=D4(0805 Pol)
Added Component: Designator=D5(SMA)
Added Component: Designator=D6(SMA)
Added Component: Designator=EMS0&1(HDR2X2)
Added Component: Designator=HELM0(HDR1X3)
Added Component: Designator=L2(0805 2)
Added Component: Designator=L3G(HDR1X8)
Added Component: Designator=L3(0805 2)
Added Component: Designator=MOTOR0(HDR1X4)
Added Component: Designator=MOTOR1(HDR1X4)
Added Component: Designator=nLink(0805 2)
Added Component: Designator=nReady(0805 2)
Added Component: Designator=OE0(HDR1X4)
Added Component: Designator=OE1(HDR1X4)
Added Component: Designator=OLED(OLED-chiusir)
Added Component: Designator=P1(Header 2X7)
Added Component: Designator=POWER_0(XH2.54_8)
Added Component: Designator=R5(8P4R-0603)
Added Component: Designator=R6(8P4R-0603)
Added Component: Designator=R7(0805 2)
Added Component: Designator=R8(0805 2)
Added Component: Designator=R9(0805 2)
Added Component: Designator=R10(0805 2)
Added Component: Designator=R11(0805 2)
Added Component: Designator=R12(0805 2)
Added Component: Designator=R15(0805 2)
Added Component: Designator=R16(0805 2)
Added Component: Designator=R17(0805 2)
Added Component: Designator=R18(0805 2)
Added Component: Designator=R19(0805 2)
Added Component: Designator=R20(0805 2)
Added Component: Designator=R21(0805 2)
Added Component: Designator=R22(0805 2)
Added Component: Designator=R23(0805 2)
Added Component: Designator=R24(0805 2)
Added Component: Designator=R25(0805 2)
Added Component: Designator=R26(0805 2)
Added Component: Designator=R27(0805 2)
Added Component: Designator=R28(8P4R-0603)
Added Component: Designator=R29(8P4R-0603)
Added Component: Designator=R30(8P4R-0603)
Added Component: Designator=R31(0805 2)
Added Component: Designator=R32(0805 2)
Added Component: Designator=R33(0805 2)
Added Component: Designator=R34(0805 2)
Added Component: Designator=Reset(Çá´¥°´¼ü)
Added Component: Designator=RFID(HDR1X4)
Added Component: Designator=RX(0805 2)
Added Component: Designator=S1(Çá´¥°´¼ü)
Added Component: Designator=S2(Çá´¥°´¼ü)
Added Component: Designator=S3(Çá´¥°´¼ü)
Added Component: Designator=S4(Çá´¥°´¼ü)
Added Component: Designator=S5(Çá´¥°´¼ü)
Added Component: Designator=S6(Switch_4)
Added Component: Designator=SS0(HDR1X4)
Added Component: Designator=SS1(HDR1X4)
Added Component: Designator=SS2(HDR1X4)
Added Component: Designator=SS3(HDR1X4)
Added Component: Designator=TF1(TF-2)
Added Component: Designator=TX(0805 2)
Added Component: Designator=U3(LQ_LQFP100)
Added Component: Designator=U4(SOIC-8)
Added Component: Designator=U5(SOIC-8)
Added Component: Designator=U6(TSOP-14)
Added Component: Designator=WIFI(USR-WIFI232-X)
Added Component: Designator=Y1(5032 2)
Added Pin To Net: NetName=BAT_3.3(1) Pin=6500-1
Added Pin To Net: NetName=BAT_3.3(1) Pin=C5-1
Added Pin To Net: NetName=BAT_3.3(1) Pin=C6-2
Added Pin To Net: NetName=BAT_3.3(1) Pin=L3G-1
Added Pin To Net: NetName=BAT_3.3(1) Pin=OLED-6
Added Pin To Net: NetName=BAT_3.3(1) Pin=POWER_0-2
Added Pin To Net: NetName=BAT_3.3(1) Pin=R5-1
Added Pin To Net: NetName=BAT_3.3(1) Pin=R5-3
Added Pin To Net: NetName=BAT_3.3(1) Pin=R5-5
Added Pin To Net: NetName=BAT_3.3(1) Pin=R5-7
Added Pin To Net: NetName=BAT_3.3(1) Pin=R6-2
Added Pin To Net: NetName=BAT_3.3(1) Pin=R6-4
Added Pin To Net: NetName=BAT_3.3(1) Pin=R6-6
Added Pin To Net: NetName=BAT_3.3(1) Pin=R6-8
Added Pin To Net: NetName=BAT_3.3(1) Pin=TF1-4
Added Pin To Net: NetName=BAT_3.3(1) Pin=WIFI-2
Added Net: Name=BAT_3.3(1)
Added Pin To Net: NetName=BAT_3.3(2) Pin=POWER_0-3
Added Net: Name=BAT_3.3(2)
Added Pin To Net: NetName=BAT_5(1) Pin=BT-2
Added Pin To Net: NetName=BAT_5(1) Pin=C9-2
Added Pin To Net: NetName=BAT_5(1) Pin=C10-2
Added Pin To Net: NetName=BAT_5(1) Pin=C11-2
Added Pin To Net: NetName=BAT_5(1) Pin=C12-2
Added Pin To Net: NetName=BAT_5(1) Pin=C13-2
Added Pin To Net: NetName=BAT_5(1) Pin=L2-1
Added Pin To Net: NetName=BAT_5(1) Pin=MOTOR0-1
Added Pin To Net: NetName=BAT_5(1) Pin=MOTOR1-1
Added Pin To Net: NetName=BAT_5(1) Pin=OE0-1
Added Pin To Net: NetName=BAT_5(1) Pin=OE1-1
Added Pin To Net: NetName=BAT_5(1) Pin=P1-11
Added Pin To Net: NetName=BAT_5(1) Pin=POWER_0-4
Added Pin To Net: NetName=BAT_5(1) Pin=R9-2
Added Pin To Net: NetName=BAT_5(1) Pin=R10-2
Added Pin To Net: NetName=BAT_5(1) Pin=R15-2
Added Pin To Net: NetName=BAT_5(1) Pin=R23-2
Added Pin To Net: NetName=BAT_5(1) Pin=R24-2
Added Pin To Net: NetName=BAT_5(1) Pin=R28-1
Added Pin To Net: NetName=BAT_5(1) Pin=R28-3
Added Pin To Net: NetName=BAT_5(1) Pin=R28-5
Added Pin To Net: NetName=BAT_5(1) Pin=R28-7
Added Pin To Net: NetName=BAT_5(1) Pin=R29-1
Added Pin To Net: NetName=BAT_5(1) Pin=R29-3
Added Pin To Net: NetName=BAT_5(1) Pin=R29-5
Added Pin To Net: NetName=BAT_5(1) Pin=R29-7
Added Pin To Net: NetName=BAT_5(1) Pin=R30-2
Added Pin To Net: NetName=BAT_5(1) Pin=R30-4
Added Pin To Net: NetName=BAT_5(1) Pin=R30-6
Added Pin To Net: NetName=BAT_5(1) Pin=R30-8
Added Pin To Net: NetName=BAT_5(1) Pin=R31-1
Added Pin To Net: NetName=BAT_5(1) Pin=R32-1
Added Pin To Net: NetName=BAT_5(1) Pin=R33-1
Added Pin To Net: NetName=BAT_5(1) Pin=R34-1
Added Pin To Net: NetName=BAT_5(1) Pin=RFID-1
Added Pin To Net: NetName=BAT_5(1) Pin=SS0-1
Added Pin To Net: NetName=BAT_5(1) Pin=SS1-1
Added Pin To Net: NetName=BAT_5(1) Pin=SS2-1
Added Pin To Net: NetName=BAT_5(1) Pin=SS3-1
Added Pin To Net: NetName=BAT_5(1) Pin=U3-15
Added Pin To Net: NetName=BAT_5(1) Pin=U3-20
Added Pin To Net: NetName=BAT_5(1) Pin=U3-37
Added Pin To Net: NetName=BAT_5(1) Pin=U3-70
Added Pin To Net: NetName=BAT_5(1) Pin=U3-84
Added Pin To Net: NetName=BAT_5(1) Pin=U4-8
Added Pin To Net: NetName=BAT_5(1) Pin=U6-14
Added Net: Name=BAT_5(1)
Added Pin To Net: NetName=BAT_5(2) Pin=C18-2
Added Pin To Net: NetName=BAT_5(2) Pin=POWER_0-5
Added Pin To Net: NetName=BAT_5(2) Pin=U5-8
Added Net: Name=BAT_5(2)
Added Pin To Net: NetName=BAT_6(1) Pin=HELM0-2
Added Pin To Net: NetName=BAT_6(1) Pin=POWER_0-6
Added Net: Name=BAT_6(1)
Added Pin To Net: NetName=BAT_6(2) Pin=POWER_0-7
Added Net: Name=BAT_6(2)
Added Pin To Net: NetName=BAT_7.2 Pin=POWER_0-1
Added Net: Name=BAT_7.2
Added Pin To Net: NetName=BAT_-5 Pin=C20-2
Added Pin To Net: NetName=BAT_-5 Pin=C22-2
Added Pin To Net: NetName=BAT_-5 Pin=U4-5
Added Pin To Net: NetName=BAT_-5 Pin=U5-4
Added Net: Name=BAT_-5
Added Pin To Net: NetName=BT_RX Pin=BT-5
Added Pin To Net: NetName=BT_RX Pin=BT_RX-2
Added Pin To Net: NetName=BT_RX Pin=U3-25
Added Net: Name=BT_RX
Added Pin To Net: NetName=BT_TX Pin=BT-4
Added Pin To Net: NetName=BT_TX Pin=BT_TX-2
Added Pin To Net: NetName=BT_TX Pin=U3-26
Added Net: Name=BT_TX
Added Pin To Net: NetName=EXTAL Pin=C8-2
Added Pin To Net: NetName=EXTAL Pin=R16-1
Added Pin To Net: NetName=EXTAL Pin=U3-36
Added Pin To Net: NetName=EXTAL Pin=Y1-2
Added Net: Name=EXTAL
Added Pin To Net: NetName=GND_ANALOG Pin=C17-1
Added Pin To Net: NetName=GND_ANALOG Pin=C18-1
Added Pin To Net: NetName=GND_ANALOG Pin=C19-1
Added Pin To Net: NetName=GND_ANALOG Pin=C20-1
Added Pin To Net: NetName=GND_ANALOG Pin=EMS0&1-2
Added Pin To Net: NetName=GND_ANALOG Pin=EMS0&1-4
Added Pin To Net: NetName=GND_ANALOG Pin=R7-1
Added Pin To Net: NetName=GND_ANALOG Pin=R18-2
Added Pin To Net: NetName=GND_ANALOG Pin=R19-1
Added Pin To Net: NetName=GND_ANALOG Pin=R21-1
Added Pin To Net: NetName=GND_ANALOG Pin=R22-1
Added Pin To Net: NetName=GND_ANALOG Pin=R25-1
Added Pin To Net: NetName=GND_ANALOG Pin=R26-1
Added Pin To Net: NetName=GND_ANALOG Pin=R27-1
Added Net: Name=GND_ANALOG
Added Pin To Net: NetName=GND Pin=6500-2
Added Pin To Net: NetName=GND Pin=BT-3
Added Pin To Net: NetName=GND Pin=C4-2
Added Pin To Net: NetName=GND Pin=C4-4
Added Pin To Net: NetName=GND Pin=C4-6
Added Pin To Net: NetName=GND Pin=C4-8
Added Pin To Net: NetName=GND Pin=C5-2
Added Pin To Net: NetName=GND Pin=C6-1
Added Pin To Net: NetName=GND Pin=C7-1
Added Pin To Net: NetName=GND Pin=C8-1
Added Pin To Net: NetName=GND Pin=C9-1
Added Pin To Net: NetName=GND Pin=C10-1
Added Pin To Net: NetName=GND Pin=C11-1
Added Pin To Net: NetName=GND Pin=C12-1
Added Pin To Net: NetName=GND Pin=C13-1
Added Pin To Net: NetName=GND Pin=C14-1
Added Pin To Net: NetName=GND Pin=C15-1
Added Pin To Net: NetName=GND Pin=C16-1
Added Pin To Net: NetName=GND Pin=C22-1
Added Pin To Net: NetName=GND Pin=HELM0-3
Added Pin To Net: NetName=GND Pin=L3-1
Added Pin To Net: NetName=GND Pin=L3G-4
Added Pin To Net: NetName=GND Pin=MOTOR0-2
Added Pin To Net: NetName=GND Pin=MOTOR1-2
Added Pin To Net: NetName=GND Pin=OE0-2
Added Pin To Net: NetName=GND Pin=OE1-2
Added Pin To Net: NetName=GND Pin=OLED-7
Added Pin To Net: NetName=GND Pin=P1-2
Added Pin To Net: NetName=GND Pin=P1-4
Added Pin To Net: NetName=GND Pin=P1-6
Added Pin To Net: NetName=GND Pin=P1-8
Added Pin To Net: NetName=GND Pin=P1-12
Added Pin To Net: NetName=GND Pin=P1-14
Added Pin To Net: NetName=GND Pin=POWER_0-8
Added Pin To Net: NetName=GND Pin=R22-2
Added Pin To Net: NetName=GND Pin=R25-2
Added Pin To Net: NetName=GND Pin=R26-2
Added Pin To Net: NetName=GND Pin=R27-2
Added Pin To Net: NetName=GND Pin=Reset-2
Added Pin To Net: NetName=GND Pin=RFID-2
Added Pin To Net: NetName=GND Pin=S1-1
Added Pin To Net: NetName=GND Pin=S2-2
Added Pin To Net: NetName=GND Pin=S3-2
Added Pin To Net: NetName=GND Pin=S4-2
Added Pin To Net: NetName=GND Pin=S5-2
Added Pin To Net: NetName=GND Pin=S6-1
Added Pin To Net: NetName=GND Pin=S6-2
Added Pin To Net: NetName=GND Pin=S6-3
Added Pin To Net: NetName=GND Pin=S6-4
Added Pin To Net: NetName=GND Pin=SS0-4
Added Pin To Net: NetName=GND Pin=SS1-4
Added Pin To Net: NetName=GND Pin=SS2-4
Added Pin To Net: NetName=GND Pin=SS3-4
Added Pin To Net: NetName=GND Pin=TF1-6
Added Pin To Net: NetName=GND Pin=U3-14
Added Pin To Net: NetName=GND Pin=U3-16
Added Pin To Net: NetName=GND Pin=U3-18
Added Pin To Net: NetName=GND Pin=U3-33
Added Pin To Net: NetName=GND Pin=U3-35
Added Pin To Net: NetName=GND Pin=U3-69
Added Pin To Net: NetName=GND Pin=U3-83
Added Pin To Net: NetName=GND Pin=U3-86
Added Pin To Net: NetName=GND Pin=U4-3
Added Pin To Net: NetName=GND Pin=U4-6
Added Pin To Net: NetName=GND Pin=U6-4
Added Pin To Net: NetName=GND Pin=U6-6
Added Pin To Net: NetName=GND Pin=U6-7
Added Pin To Net: NetName=GND Pin=U6-8
Added Pin To Net: NetName=GND Pin=U6-10
Added Pin To Net: NetName=GND Pin=WIFI-1
Added Net: Name=GND
Added Pin To Net: NetName=MCU_RDY Pin=P1-13
Added Net: Name=MCU_RDY
Added Pin To Net: NetName=NetBT_RX_1 Pin=BT_RX-1
Added Pin To Net: NetName=NetBT_RX_1 Pin=R23-1
Added Net: Name=NetBT_RX_1
Added Pin To Net: NetName=NetBT_TX_1 Pin=BT_TX-1
Added Pin To Net: NetName=NetBT_TX_1 Pin=R24-1
Added Net: Name=NetBT_TX_1
Added Pin To Net: NetName=NetC21_1 Pin=C21-1
Added Pin To Net: NetName=NetC21_1 Pin=U4-2
Added Net: Name=NetC21_1
Added Pin To Net: NetName=NetC21_2 Pin=C21-2
Added Pin To Net: NetName=NetC21_2 Pin=U4-4
Added Net: Name=NetC21_2
Added Pin To Net: NetName=NetD1_1 Pin=D1-1
Added Pin To Net: NetName=NetD1_1 Pin=R29-2
Added Net: Name=NetD1_1
Added Pin To Net: NetName=NetD2_1 Pin=D2-1
Added Pin To Net: NetName=NetD2_1 Pin=R29-4
Added Net: Name=NetD2_1
Added Pin To Net: NetName=NetD3_1 Pin=D3-1
Added Pin To Net: NetName=NetD3_1 Pin=R29-6
Added Net: Name=NetD3_1
Added Pin To Net: NetName=NetD4_1 Pin=D4-1
Added Pin To Net: NetName=NetD4_1 Pin=R29-8
Added Net: Name=NetD4_1
Added Pin To Net: NetName=NetD5_1 Pin=D5-1
Added Pin To Net: NetName=NetD5_1 Pin=R8-2
Added Pin To Net: NetName=NetD5_1 Pin=U5-1
Added Net: Name=NetD5_1
Added Pin To Net: NetName=NetD6_1 Pin=D6-1
Added Pin To Net: NetName=NetD6_1 Pin=R12-1
Added Pin To Net: NetName=NetD6_1 Pin=U5-7
Added Net: Name=NetD6_1
Added Pin To Net: NetName=NetEMS0&1_1 Pin=EMS0&1-1
Added Pin To Net: NetName=NetEMS0&1_1 Pin=R20-1
Added Net: Name=NetEMS0&1_1
Added Pin To Net: NetName=NetEMS0&1_3 Pin=EMS0&1-3
Added Pin To Net: NetName=NetEMS0&1_3 Pin=R11-2
Added Net: Name=NetEMS0&1_3
Added Pin To Net: NetName=NetnLink_1 Pin=nLink-1
Added Pin To Net: NetName=NetnLink_1 Pin=R5-4
Added Net: Name=NetnLink_1
Added Pin To Net: NetName=NetnLink_2 Pin=nLink-2
Added Pin To Net: NetName=NetnLink_2 Pin=WIFI-8
Added Net: Name=NetnLink_2
Added Pin To Net: NetName=NetnReady_1 Pin=nReady-1
Added Pin To Net: NetName=NetnReady_1 Pin=R5-2
Added Net: Name=NetnReady_1
Added Pin To Net: NetName=NetnReady_2 Pin=nReady-2
Added Pin To Net: NetName=NetnReady_2 Pin=WIFI-9
Added Net: Name=NetnReady_2
Added Pin To Net: NetName=NetOE0_4 Pin=OE0-4
Added Pin To Net: NetName=NetOE0_4 Pin=U6-5
Added Net: Name=NetOE0_4
Added Pin To Net: NetName=NetOE1_4 Pin=OE1-4
Added Pin To Net: NetName=NetOE1_4 Pin=U6-9
Added Net: Name=NetOE1_4
Added Pin To Net: NetName=NetR5_6 Pin=R5-6
Added Pin To Net: NetName=NetR5_6 Pin=Reset-1
Added Pin To Net: NetName=NetR5_6 Pin=WIFI-7
Added Net: Name=NetR5_6
Added Pin To Net: NetName=NetR5_8 Pin=R5-8
Added Pin To Net: NetName=NetR5_8 Pin=WIFI-10
Added Net: Name=NetR5_8
Added Pin To Net: NetName=NetR6_7 Pin=R6-7
Added Pin To Net: NetName=NetR6_7 Pin=TF1-1
Added Pin To Net: NetName=NetR6_7 Pin=TF1-8
Added Net: Name=NetR6_7
Added Pin To Net: NetName=NetR7_2 Pin=R7-2
Added Pin To Net: NetName=NetR7_2 Pin=R8-1
Added Pin To Net: NetName=NetR7_2 Pin=U5-2
Added Net: Name=NetR7_2
Added Pin To Net: NetName=NetR9_1 Pin=R9-1
Added Pin To Net: NetName=NetR9_1 Pin=TX-1
Added Net: Name=NetR9_1
Added Pin To Net: NetName=NetR10_1 Pin=R10-1
Added Pin To Net: NetName=NetR10_1 Pin=RX-1
Added Net: Name=NetR10_1
Added Pin To Net: NetName=NetR11_1 Pin=R11-1
Added Pin To Net: NetName=NetR11_1 Pin=U5-5
Added Net: Name=NetR11_1
Added Pin To Net: NetName=NetR12_2 Pin=R12-2
Added Pin To Net: NetName=NetR12_2 Pin=R18-1
Added Pin To Net: NetName=NetR12_2 Pin=U5-6
Added Net: Name=NetR12_2
Added Pin To Net: NetName=NetR17_1 Pin=R17-1
Added Pin To Net: NetName=NetR17_1 Pin=S1-2
Added Net: Name=NetR17_1
Added Pin To Net: NetName=NetR20_2 Pin=R20-2
Added Pin To Net: NetName=NetR20_2 Pin=U5-3
Added Net: Name=NetR20_2
Added Pin To Net: NetName=PA0 Pin=SS0-2
Added Pin To Net: NetName=PA0 Pin=U3-12
Added Net: Name=PA0
Added Pin To Net: NetName=PA1 Pin=SS0-3
Added Pin To Net: NetName=PA1 Pin=U3-7
Added Net: Name=PA1
Added Pin To Net: NetName=PA2 Pin=6500-10
Added Pin To Net: NetName=PA2 Pin=U3-5
Added Net: Name=PA2
Added Pin To Net: NetName=PA3 Pin=SS1-2
Added Pin To Net: NetName=PA3 Pin=U3-68
Added Net: Name=PA3
Added Pin To Net: NetName=PA4 Pin=SS1-3
Added Pin To Net: NetName=PA4 Pin=U3-29
Added Net: Name=PA4
Added Pin To Net: NetName=PA5 Pin=SS2-2
Added Pin To Net: NetName=PA5 Pin=U3-79
Added Net: Name=PA5
Added Pin To Net: NetName=PA6 Pin=SS2-3
Added Pin To Net: NetName=PA6 Pin=U3-80
Added Net: Name=PA6
Added Pin To Net: NetName=PA7 Pin=SS3-2
Added Pin To Net: NetName=PA7 Pin=U3-71
Added Net: Name=PA7
Added Pin To Net: NetName=PA8 Pin=U3-72
Added Net: Name=PA8
Added Pin To Net: NetName=PA9 Pin=HELM0-1
Added Pin To Net: NetName=PA9 Pin=U3-73
Added Net: Name=PA9
Added Pin To Net: NetName=PA10 Pin=C4-5
Added Pin To Net: NetName=PA10 Pin=R28-6
Added Pin To Net: NetName=PA10 Pin=S4-1
Added Pin To Net: NetName=PA10 Pin=U3-74
Added Net: Name=PA10
Added Pin To Net: NetName=PA11 Pin=C4-7
Added Pin To Net: NetName=PA11 Pin=R28-8
Added Pin To Net: NetName=PA11 Pin=S5-1
Added Pin To Net: NetName=PA11 Pin=U3-75
Added Net: Name=PA11
Added Pin To Net: NetName=PA12 Pin=D1-2
Added Pin To Net: NetName=PA12 Pin=U3-31
Added Net: Name=PA12
Added Pin To Net: NetName=PA13 Pin=D2-2
Added Pin To Net: NetName=PA13 Pin=U3-30
Added Net: Name=PA13
Added Pin To Net: NetName=PA14 Pin=D3-2
Added Pin To Net: NetName=PA14 Pin=U3-28
Added Net: Name=PA14
Added Pin To Net: NetName=PA15 Pin=D4-2
Added Pin To Net: NetName=PA15 Pin=U3-27
Added Net: Name=PA15
Added Pin To Net: NetName=PB0 Pin=U3-23
Added Net: Name=PB0
Added Pin To Net: NetName=PB1 Pin=U3-24
Added Net: Name=PB1
Added Pin To Net: NetName=PB2 Pin=RX-2
Added Pin To Net: NetName=PB2 Pin=U3-100
Added Pin To Net: NetName=PB2 Pin=WIFI-4
Added Net: Name=PB2
Added Pin To Net: NetName=PB3 Pin=TX-2
Added Pin To Net: NetName=PB3 Pin=U3-1
Added Pin To Net: NetName=PB3 Pin=WIFI-3
Added Net: Name=PB3
Added Pin To Net: NetName=PB4 Pin=U3-50
Added Net: Name=PB4
Added Pin To Net: NetName=PB5 Pin=U3-53
Added Net: Name=PB5
Added Pin To Net: NetName=PB6 Pin=U3-54
Added Net: Name=PB6
Added Pin To Net: NetName=PB7 Pin=U3-55
Added Net: Name=PB7
Added Pin To Net: NetName=PB8 Pin=C17-2
Added Pin To Net: NetName=PB8 Pin=D5-2
Added Pin To Net: NetName=PB8 Pin=R21-2
Added Pin To Net: NetName=PB8 Pin=U3-39
Added Net: Name=PB8
Added Pin To Net: NetName=PB9 Pin=C19-2
Added Pin To Net: NetName=PB9 Pin=D6-2
Added Pin To Net: NetName=PB9 Pin=R19-2
Added Pin To Net: NetName=PB9 Pin=U3-38
Added Net: Name=PB9
Added Pin To Net: NetName=PB10 Pin=U3-40
Added Net: Name=PB10
Added Pin To Net: NetName=PB11 Pin=U3-59
Added Net: Name=PB11
Added Pin To Net: NetName=PB12 Pin=U3-61
Added Net: Name=PB12
Added Pin To Net: NetName=PB13 Pin=U3-63
Added Net: Name=PB13
Added Pin To Net: NetName=PB14 Pin=C4-3
Added Pin To Net: NetName=PB14 Pin=R28-4
Added Pin To Net: NetName=PB14 Pin=S3-1
Added Pin To Net: NetName=PB14 Pin=U3-65
Added Net: Name=PB14
Added Pin To Net: NetName=PB15 Pin=U3-67
Added Net: Name=PB15
Added Pin To Net: NetName=PC0 Pin=P1-1
Added Pin To Net: NetName=PC0 Pin=R30-1
Added Pin To Net: NetName=PC0 Pin=U3-87
Added Net: Name=PC0
Added Pin To Net: NetName=PC1 Pin=P1-3
Added Pin To Net: NetName=PC1 Pin=R30-3
Added Pin To Net: NetName=PC1 Pin=U3-82
Added Net: Name=PC1
Added Pin To Net: NetName=PC2 Pin=6500-3
Added Pin To Net: NetName=PC2 Pin=L3G-2
Added Pin To Net: NetName=PC2 Pin=OLED-5
Added Pin To Net: NetName=PC2 Pin=R6-3
Added Pin To Net: NetName=PC2 Pin=TF1-5
Added Pin To Net: NetName=PC2 Pin=U3-78
Added Net: Name=PC2
Added Pin To Net: NetName=PC3 Pin=TF1-2
Added Pin To Net: NetName=PC3 Pin=U3-77
Added Net: Name=PC3
Added Pin To Net: NetName=PC4 Pin=6500-7
Added Pin To Net: NetName=PC4 Pin=L3G-5
Added Pin To Net: NetName=PC4 Pin=R6-5
Added Pin To Net: NetName=PC4 Pin=TF1-7
Added Pin To Net: NetName=PC4 Pin=U3-92
Added Net: Name=PC4
Added Pin To Net: NetName=PC5 Pin=OLED-3
Added Pin To Net: NetName=PC5 Pin=U3-91
Added Net: Name=PC5
Added Pin To Net: NetName=PC8 Pin=RFID-3
Added Pin To Net: NetName=PC8 Pin=U3-99
Added Net: Name=PC8
Added Pin To Net: NetName=PC9 Pin=RFID-4
Added Pin To Net: NetName=PC9 Pin=U3-2
Added Net: Name=PC9
Added Pin To Net: NetName=PC10 Pin=U3-22
Added Net: Name=PC10
Added Pin To Net: NetName=PC11 Pin=OLED-2
Added Pin To Net: NetName=PC11 Pin=U3-21
Added Net: Name=PC11
Added Pin To Net: NetName=PC12 Pin=U3-97
Added Net: Name=PC12
Added Pin To Net: NetName=PC13 Pin=U3-98
Added Net: Name=PC13
Added Pin To Net: NetName=PC14 Pin=U3-3
Added Pin To Net: NetName=PC14 Pin=U6-1
Added Net: Name=PC14
Added Pin To Net: NetName=PC15 Pin=U3-4
Added Net: Name=PC15
Added Pin To Net: NetName=PD0 Pin=U3-41
Added Net: Name=PD0
Added Pin To Net: NetName=PD1 Pin=U3-42
Added Net: Name=PD1
Added Pin To Net: NetName=PD2 Pin=U3-43
Added Net: Name=PD2
Added Pin To Net: NetName=PD3 Pin=U3-44
Added Net: Name=PD3
Added Pin To Net: NetName=PD4 Pin=U3-45
Added Net: Name=PD4
Added Pin To Net: NetName=PD5 Pin=R34-2
Added Pin To Net: NetName=PD5 Pin=S6-5
Added Pin To Net: NetName=PD5 Pin=U3-46
Added Net: Name=PD5
Added Pin To Net: NetName=PD6 Pin=R33-2
Added Pin To Net: NetName=PD6 Pin=S6-6
Added Pin To Net: NetName=PD6 Pin=U3-47
Added Net: Name=PD6
Added Pin To Net: NetName=PD7 Pin=R32-2
Added Pin To Net: NetName=PD7 Pin=S6-7
Added Pin To Net: NetName=PD7 Pin=U3-48
Added Net: Name=PD7
Added Pin To Net: NetName=PD8 Pin=R31-2
Added Pin To Net: NetName=PD8 Pin=S6-8
Added Pin To Net: NetName=PD8 Pin=U3-49
Added Net: Name=PD8
Added Pin To Net: NetName=PD9 Pin=U3-56
Added Net: Name=PD9
Added Pin To Net: NetName=PD10 Pin=U3-57
Added Net: Name=PD10
Added Pin To Net: NetName=PD11 Pin=U3-58
Added Net: Name=PD11
Added Pin To Net: NetName=PD12 Pin=OE0-3
Added Pin To Net: NetName=PD12 Pin=U3-60
Added Pin To Net: NetName=PD12 Pin=U6-3
Added Net: Name=PD12
Added Pin To Net: NetName=PD13 Pin=C4-1
Added Pin To Net: NetName=PD13 Pin=R28-2
Added Pin To Net: NetName=PD13 Pin=S2-1
Added Pin To Net: NetName=PD13 Pin=U3-62
Added Net: Name=PD13
Added Pin To Net: NetName=PD14 Pin=OLED-1
Added Pin To Net: NetName=PD14 Pin=U3-64
Added Net: Name=PD14
Added Pin To Net: NetName=PD15 Pin=6500-9
Added Pin To Net: NetName=PD15 Pin=U3-66
Added Net: Name=PD15
Added Pin To Net: NetName=PE0 Pin=SS3-3
Added Pin To Net: NetName=PE0 Pin=U3-6
Added Net: Name=PE0
Added Pin To Net: NetName=PE1 Pin=MOTOR1-3
Added Pin To Net: NetName=PE1 Pin=U3-8
Added Net: Name=PE1
Added Pin To Net: NetName=PE2 Pin=MOTOR1-4
Added Pin To Net: NetName=PE2 Pin=U3-89
Added Net: Name=PE2
Added Pin To Net: NetName=PE3 Pin=6500-4
Added Pin To Net: NetName=PE3 Pin=L3G-3
Added Pin To Net: NetName=PE3 Pin=OLED-4
Added Pin To Net: NetName=PE3 Pin=R6-1
Added Pin To Net: NetName=PE3 Pin=TF1-3
Added Pin To Net: NetName=PE3 Pin=U3-90
Added Net: Name=PE3
Added Pin To Net: NetName=PE4 Pin=6500-8
Added Pin To Net: NetName=PE4 Pin=U3-93
Added Net: Name=PE4
Added Pin To Net: NetName=PE5 Pin=MOTOR0-3
Added Pin To Net: NetName=PE5 Pin=U3-94
Added Net: Name=PE5
Added Pin To Net: NetName=PE6 Pin=MOTOR0-4
Added Pin To Net: NetName=PE6 Pin=U3-95
Added Net: Name=PE6
Added Pin To Net: NetName=PE7 Pin=OE1-3
Added Pin To Net: NetName=PE7 Pin=U3-96
Added Pin To Net: NetName=PE7 Pin=U6-11
Added Net: Name=PE7
Added Pin To Net: NetName=PE8 Pin=U3-9
Added Net: Name=PE8
Added Pin To Net: NetName=PE9 Pin=U3-10
Added Net: Name=PE9
Added Pin To Net: NetName=PE10 Pin=L3G-6
Added Pin To Net: NetName=PE10 Pin=U3-11
Added Net: Name=PE10
Added Pin To Net: NetName=PE11 Pin=U3-13
Added Net: Name=PE11
Added Pin To Net: NetName=PE12 Pin=U3-76
Added Pin To Net: NetName=PE12 Pin=U6-13
Added Net: Name=PE12
Added Pin To Net: NetName=PH9 Pin=P1-5
Added Pin To Net: NetName=PH9 Pin=R30-5
Added Pin To Net: NetName=PH9 Pin=U3-88
Added Net: Name=PH9
Added Pin To Net: NetName=PH10 Pin=P1-10
Added Pin To Net: NetName=PH10 Pin=R30-7
Added Pin To Net: NetName=PH10 Pin=U3-81
Added Net: Name=PH10
Added Pin To Net: NetName=R\E\S\E\T\ Pin=P1-9
Added Pin To Net: NetName=R\E\S\E\T\ Pin=R15-1
Added Pin To Net: NetName=R\E\S\E\T\ Pin=R17-2
Added Pin To Net: NetName=R\E\S\E\T\ Pin=U3-17
Added Net: Name=R\E\S\E\T\
Added Pin To Net: NetName=VDD_HV_ADC Pin=C23-2
Added Pin To Net: NetName=VDD_HV_ADC Pin=L2-2
Added Pin To Net: NetName=VDD_HV_ADC Pin=U3-52
Added Net: Name=VDD_HV_ADC
Added Pin To Net: NetName=VDD_LV Pin=C14-2
Added Pin To Net: NetName=VDD_LV Pin=C15-2
Added Pin To Net: NetName=VDD_LV Pin=C16-2
Added Pin To Net: NetName=VDD_LV Pin=U3-19
Added Pin To Net: NetName=VDD_LV Pin=U3-32
Added Pin To Net: NetName=VDD_LV Pin=U3-85
Added Net: Name=VDD_LV
Added Pin To Net: NetName=VSS_HV_ADC Pin=C23-1
Added Pin To Net: NetName=VSS_HV_ADC Pin=L3-2
Added Pin To Net: NetName=VSS_HV_ADC Pin=U3-51
Added Net: Name=VSS_HV_ADC
Added Pin To Net: NetName=XTAL Pin=C7-2
Added Pin To Net: NetName=XTAL Pin=R16-2
Added Pin To Net: NetName=XTAL Pin=U3-34
Added Pin To Net: NetName=XTAL Pin=Y1-1
Added Net: Name=XTAL
Added Class: Name=BlueTooth
Added Class: Name=TFCard
Added Class: Name=Total
Added Class: Name=WiFi
Added Room: Name=BlueTooth
Added Room: Name=TFCard
Added Room: Name=Total
Added Room: Name=WiFi
